Started by user [8mha:////4LE8PeyZIqlcxi2zIUx7UbujjNYcmHBWNCgHtW9F0SkGAAAAlx+LCAAAAAAAAP9b85aBtbiIQTGjNKU4P08vOT+vOD8nVc83PyU1x6OyILUoJzMv2y+/JJUBAhiZGBgqihhk0NSjKDWzXb3RdlLBUSYGJk8GtpzUvPSSDB8G5tKinBIGIZ+sxLJE/ZzEvHT94JKizLx0a6BxUmjGOUNodHsLgAzWEgZu/dLi1CL9xJTczDwAj6GcLcAAAAA=[0madmin
Running as SYSTEM
Building in workspace /var/lib/jenkins/workspace/nexus-deploy07012020
using credential 9b7eeebf-2fe3-4788-a4ab-432188ca4fe6
Cloning the remote Git repository
Cloning repository https://github.com/chandracpl/career.git
 > git init /var/lib/jenkins/workspace/nexus-deploy07012020 # timeout=10
Fetching upstream changes from https://github.com/chandracpl/career.git
 > git --version # timeout=10
using GIT_ASKPASS to set credentials 
 > git fetch --tags --progress https://github.com/chandracpl/career.git +refs/heads/*:refs/remotes/origin/* # timeout=10
 > git config remote.origin.url https://github.com/chandracpl/career.git # timeout=10
 > git config --add remote.origin.fetch +refs/heads/*:refs/remotes/origin/* # timeout=10
 > git config remote.origin.url https://github.com/chandracpl/career.git # timeout=10
Fetching upstream changes from https://github.com/chandracpl/career.git
using GIT_ASKPASS to set credentials 
 > git fetch --tags --progress https://github.com/chandracpl/career.git +refs/heads/*:refs/remotes/origin/* # timeout=10
 > git rev-parse origin/master^{commit} # timeout=10
Checking out Revision 70b81300f38be3a12de88dbb050fbda3da4f6c8d (origin/master)
 > git config core.sparsecheckout # timeout=10
 > git checkout -f 70b81300f38be3a12de88dbb050fbda3da4f6c8d # timeout=10
Commit message: "Update pom.xml"
First time build. Skipping changelog.
[nexus-deploy07012020] $ mvn clean package deploy
[INFO] Scanning for projects...
[8mha:////4DdMwdbYOUkl6v5Bz3SMlIK7+mRjP/dXzB3xReDDxAN7AAAAYB+LCAAAAAAAAP9b85aBtbiIQSmjNKU4P0+vJLE4u1gvPjexLDVPzxdEuhYV5Rf55ZekOlc7RKnPKH7IxMBQUcQgBdWQnJ9XnJ+TqucMoUEKGSCAEaSwAACsNFCqYAAAAA==[0m[ERROR] [ERROR] Some problems were encountered while processing the POMs:
[FATAL] Non-parseable POM /var/lib/jenkins/workspace/nexus-deploy07012020/pom.xml: expected > to end empty tag not / (position: TEXT seen ...</name>\r\n            <urlhttp://... @37:24)  @ line 37, column 24
 @ 
[8mha:////4DdMwdbYOUkl6v5Bz3SMlIK7+mRjP/dXzB3xReDDxAN7AAAAYB+LCAAAAAAAAP9b85aBtbiIQSmjNKU4P0+vJLE4u1gvPjexLDVPzxdEuhYV5Rf55ZekOlc7RKnPKH7IxMBQUcQgBdWQnJ9XnJ+TqucMoUEKGSCAEaSwAACsNFCqYAAAAA==[0m[ERROR] The build could not read 1 project -> [Help 1]
[8mha:////4DdMwdbYOUkl6v5Bz3SMlIK7+mRjP/dXzB3xReDDxAN7AAAAYB+LCAAAAAAAAP9b85aBtbiIQSmjNKU4P0+vJLE4u1gvPjexLDVPzxdEuhYV5Rf55ZekOlc7RKnPKH7IxMBQUcQgBdWQnJ9XnJ+TqucMoUEKGSCAEaSwAACsNFCqYAAAAA==[0m[ERROR]   
[8mha:////4DdMwdbYOUkl6v5Bz3SMlIK7+mRjP/dXzB3xReDDxAN7AAAAYB+LCAAAAAAAAP9b85aBtbiIQSmjNKU4P0+vJLE4u1gvPjexLDVPzxdEuhYV5Rf55ZekOlc7RKnPKH7IxMBQUcQgBdWQnJ9XnJ+TqucMoUEKGSCAEaSwAACsNFCqYAAAAA==[0m[ERROR]   The project  (/var/lib/jenkins/workspace/nexus-deploy07012020/pom.xml) has 1 error
[8mha:////4DdMwdbYOUkl6v5Bz3SMlIK7+mRjP/dXzB3xReDDxAN7AAAAYB+LCAAAAAAAAP9b85aBtbiIQSmjNKU4P0+vJLE4u1gvPjexLDVPzxdEuhYV5Rf55ZekOlc7RKnPKH7IxMBQUcQgBdWQnJ9XnJ+TqucMoUEKGSCAEaSwAACsNFCqYAAAAA==[0m[ERROR]     Non-parseable POM /var/lib/jenkins/workspace/nexus-deploy07012020/pom.xml: expected > to end empty tag not / (position: TEXT seen ...</name>\r\n            <urlhttp://... @37:24)  @ line 37, column 24 -> [Help 2]
[8mha:////4DdMwdbYOUkl6v5Bz3SMlIK7+mRjP/dXzB3xReDDxAN7AAAAYB+LCAAAAAAAAP9b85aBtbiIQSmjNKU4P0+vJLE4u1gvPjexLDVPzxdEuhYV5Rf55ZekOlc7RKnPKH7IxMBQUcQgBdWQnJ9XnJ+TqucMoUEKGSCAEaSwAACsNFCqYAAAAA==[0m[ERROR] 
[8mha:////4DdMwdbYOUkl6v5Bz3SMlIK7+mRjP/dXzB3xReDDxAN7AAAAYB+LCAAAAAAAAP9b85aBtbiIQSmjNKU4P0+vJLE4u1gvPjexLDVPzxdEuhYV5Rf55ZekOlc7RKnPKH7IxMBQUcQgBdWQnJ9XnJ+TqucMoUEKGSCAEaSwAACsNFCqYAAAAA==[0m[ERROR] To see the full stack trace of the errors, re-run Maven with the -e switch.
[8mha:////4DdMwdbYOUkl6v5Bz3SMlIK7+mRjP/dXzB3xReDDxAN7AAAAYB+LCAAAAAAAAP9b85aBtbiIQSmjNKU4P0+vJLE4u1gvPjexLDVPzxdEuhYV5Rf55ZekOlc7RKnPKH7IxMBQUcQgBdWQnJ9XnJ+TqucMoUEKGSCAEaSwAACsNFCqYAAAAA==[0m[ERROR] Re-run Maven using the -X switch to enable full debug logging.
[8mha:////4DdMwdbYOUkl6v5Bz3SMlIK7+mRjP/dXzB3xReDDxAN7AAAAYB+LCAAAAAAAAP9b85aBtbiIQSmjNKU4P0+vJLE4u1gvPjexLDVPzxdEuhYV5Rf55ZekOlc7RKnPKH7IxMBQUcQgBdWQnJ9XnJ+TqucMoUEKGSCAEaSwAACsNFCqYAAAAA==[0m[ERROR] 
[8mha:////4DdMwdbYOUkl6v5Bz3SMlIK7+mRjP/dXzB3xReDDxAN7AAAAYB+LCAAAAAAAAP9b85aBtbiIQSmjNKU4P0+vJLE4u1gvPjexLDVPzxdEuhYV5Rf55ZekOlc7RKnPKH7IxMBQUcQgBdWQnJ9XnJ+TqucMoUEKGSCAEaSwAACsNFCqYAAAAA==[0m[ERROR] For more information about the errors and possible solutions, please read the following articles:
[8mha:////4DdMwdbYOUkl6v5Bz3SMlIK7+mRjP/dXzB3xReDDxAN7AAAAYB+LCAAAAAAAAP9b85aBtbiIQSmjNKU4P0+vJLE4u1gvPjexLDVPzxdEuhYV5Rf55ZekOlc7RKnPKH7IxMBQUcQgBdWQnJ9XnJ+TqucMoUEKGSCAEaSwAACsNFCqYAAAAA==[0m[ERROR] [Help 1] http://cwiki.apache.org/confluence/display/MAVEN/ProjectBuildingException
[8mha:////4DdMwdbYOUkl6v5Bz3SMlIK7+mRjP/dXzB3xReDDxAN7AAAAYB+LCAAAAAAAAP9b85aBtbiIQSmjNKU4P0+vJLE4u1gvPjexLDVPzxdEuhYV5Rf55ZekOlc7RKnPKH7IxMBQUcQgBdWQnJ9XnJ+TqucMoUEKGSCAEaSwAACsNFCqYAAAAA==[0m[ERROR] [Help 2] http://cwiki.apache.org/confluence/display/MAVEN/ModelParseException
Build step 'Invoke top-level Maven targets' marked build as failure
Finished: FAILURE
