Started by user [8mha:////4LE8PeyZIqlcxi2zIUx7UbujjNYcmHBWNCgHtW9F0SkGAAAAlx+LCAAAAAAAAP9b85aBtbiIQTGjNKU4P08vOT+vOD8nVc83PyU1x6OyILUoJzMv2y+/JJUBAhiZGBgqihhk0NSjKDWzXb3RdlLBUSYGJk8GtpzUvPSSDB8G5tKinBIGIZ+sxLJE/ZzEvHT94JKizLx0a6BxUmjGOUNodHsLgAzWEgZu/dLi1CL9xJTczDwAj6GcLcAAAAA=[0madmin
Running as SYSTEM
Building in workspace /var/lib/jenkins/workspace/nexus-deploy07012020
using credential 9b7eeebf-2fe3-4788-a4ab-432188ca4fe6
 > git rev-parse --is-inside-work-tree # timeout=10
Fetching changes from the remote Git repository
 > git config remote.origin.url https://github.com/chandracpl/career.git # timeout=10
Fetching upstream changes from https://github.com/chandracpl/career.git
 > git --version # timeout=10
using GIT_ASKPASS to set credentials 
 > git fetch --tags --progress https://github.com/chandracpl/career.git +refs/heads/*:refs/remotes/origin/* # timeout=10
 > git rev-parse origin/master^{commit} # timeout=10
Checking out Revision d64ac3e7e6da1e7694ed6414ed0d053ef552b2b6 (origin/master)
 > git config core.sparsecheckout # timeout=10
 > git checkout -f d64ac3e7e6da1e7694ed6414ed0d053ef552b2b6 # timeout=10
Commit message: "Update pom.xml"
 > git rev-list --no-walk 7bcfbdecb6590fe5fabb32a197f29837f37be841 # timeout=10
[nexus-deploy07012020] $ mvn clean package deploy
[INFO] Scanning for projects...
[INFO]                                                                         
[INFO] ------------------------------------------------------------------------
[INFO] Building studentapp 2.5-SNAPSHOT
[INFO] ------------------------------------------------------------------------
[INFO] 
[8mha:////4O6fMVeq+OgEe/hxb75TbYMJmYgL65QbQsbznKEv4i98AAAAYB+LCAAAAAAAAP9b85aBtbiIQSmjNKU4P0+vJLE4u1gvPjexLDVPzxdEGvvmZ+X75ZekLlOVfvTjc8FPJgaGiiIGKaiG5Py84vycVD1nCA1SyAABjCCFBQCV27OjYAAAAA==[0m[INFO] --- maven-clean-plugin:2.5:clean (default-clean) @ studentapp ---
[INFO] Deleting /var/lib/jenkins/workspace/nexus-deploy07012020/target
[INFO] 
[8mha:////4O6fMVeq+OgEe/hxb75TbYMJmYgL65QbQsbznKEv4i98AAAAYB+LCAAAAAAAAP9b85aBtbiIQSmjNKU4P0+vJLE4u1gvPjexLDVPzxdEGvvmZ+X75ZekLlOVfvTjc8FPJgaGiiIGKaiG5Py84vycVD1nCA1SyAABjCCFBQCV27OjYAAAAA==[0m[INFO] --- maven-resources-plugin:2.6:resources (default-resources) @ studentapp ---
[8mha:////4PMW9VZ+3kW8wLLiZ8+CZEmH8JRAyGXBQv/dvoMW/3CIAAAAYx+LCAAAAAAAAP9b85aBtbiIQSWjNKU4P0+vJLE4u1gvPjexLDVPzxdEhicW5WXmpfvll6S2fNly5fzGzauYGBgqihikoFqS8/OK83NS9ZwhNEghAwQwghQWAACwxA+XYgAAAA==[0m[WARNING] Using platform encoding (UTF-8 actually) to copy filtered resources, i.e. build is platform dependent!
[INFO] skip non existing resourceDirectory /var/lib/jenkins/workspace/nexus-deploy07012020/src/main/resources
[INFO] 
[8mha:////4O6fMVeq+OgEe/hxb75TbYMJmYgL65QbQsbznKEv4i98AAAAYB+LCAAAAAAAAP9b85aBtbiIQSmjNKU4P0+vJLE4u1gvPjexLDVPzxdEGvvmZ+X75ZekLlOVfvTjc8FPJgaGiiIGKaiG5Py84vycVD1nCA1SyAABjCCFBQCV27OjYAAAAA==[0m[INFO] --- maven-compiler-plugin:3.3:compile (default-compile) @ studentapp ---
[INFO] Changes detected - recompiling the module!
[8mha:////4PMW9VZ+3kW8wLLiZ8+CZEmH8JRAyGXBQv/dvoMW/3CIAAAAYx+LCAAAAAAAAP9b85aBtbiIQSWjNKU4P0+vJLE4u1gvPjexLDVPzxdEhicW5WXmpfvll6S2fNly5fzGzauYGBgqihikoFqS8/OK83NS9ZwhNEghAwQwghQWAACwxA+XYgAAAA==[0m[WARNING] File encoding has not been set, using platform encoding UTF-8, i.e. build is platform dependent!
[INFO] Compiling 7 source files to /var/lib/jenkins/workspace/nexus-deploy07012020/target/classes
[INFO] 
[8mha:////4O6fMVeq+OgEe/hxb75TbYMJmYgL65QbQsbznKEv4i98AAAAYB+LCAAAAAAAAP9b85aBtbiIQSmjNKU4P0+vJLE4u1gvPjexLDVPzxdEGvvmZ+X75ZekLlOVfvTjc8FPJgaGiiIGKaiG5Py84vycVD1nCA1SyAABjCCFBQCV27OjYAAAAA==[0m[INFO] --- maven-resources-plugin:2.6:testResources (default-testResources) @ studentapp ---
[8mha:////4PMW9VZ+3kW8wLLiZ8+CZEmH8JRAyGXBQv/dvoMW/3CIAAAAYx+LCAAAAAAAAP9b85aBtbiIQSWjNKU4P0+vJLE4u1gvPjexLDVPzxdEhicW5WXmpfvll6S2fNly5fzGzauYGBgqihikoFqS8/OK83NS9ZwhNEghAwQwghQWAACwxA+XYgAAAA==[0m[WARNING] Using platform encoding (UTF-8 actually) to copy filtered resources, i.e. build is platform dependent!
[INFO] skip non existing resourceDirectory /var/lib/jenkins/workspace/nexus-deploy07012020/src/test/resources
[INFO] 
[8mha:////4O6fMVeq+OgEe/hxb75TbYMJmYgL65QbQsbznKEv4i98AAAAYB+LCAAAAAAAAP9b85aBtbiIQSmjNKU4P0+vJLE4u1gvPjexLDVPzxdEGvvmZ+X75ZekLlOVfvTjc8FPJgaGiiIGKaiG5Py84vycVD1nCA1SyAABjCCFBQCV27OjYAAAAA==[0m[INFO] --- maven-compiler-plugin:3.3:testCompile (default-testCompile) @ studentapp ---
[INFO] No sources to compile
[INFO] 
[8mha:////4O6fMVeq+OgEe/hxb75TbYMJmYgL65QbQsbznKEv4i98AAAAYB+LCAAAAAAAAP9b85aBtbiIQSmjNKU4P0+vJLE4u1gvPjexLDVPzxdEGvvmZ+X75ZekLlOVfvTjc8FPJgaGiiIGKaiG5Py84vycVD1nCA1SyAABjCCFBQCV27OjYAAAAA==[0m[INFO] --- maven-surefire-plugin:2.17:test (default-test) @ studentapp ---
[INFO] No tests to run.
[INFO] 
[8mha:////4O6fMVeq+OgEe/hxb75TbYMJmYgL65QbQsbznKEv4i98AAAAYB+LCAAAAAAAAP9b85aBtbiIQSmjNKU4P0+vJLE4u1gvPjexLDVPzxdEGvvmZ+X75ZekLlOVfvTjc8FPJgaGiiIGKaiG5Py84vycVD1nCA1SyAABjCCFBQCV27OjYAAAAA==[0m[INFO] --- maven-war-plugin:2.6:war (default-war) @ studentapp ---
[INFO] Packaging webapp
[INFO] Assembling webapp [studentapp] in [/var/lib/jenkins/workspace/nexus-deploy07012020/target/studentapp-2.5-SNAPSHOT]
[INFO] Processing war project
[INFO] Copying webapp resources [/var/lib/jenkins/workspace/nexus-deploy07012020/WebContent]
[INFO] Webapp assembled in [32 msecs]
[INFO] Building war: /var/lib/jenkins/workspace/nexus-deploy07012020/target/studentapp-2.5-SNAPSHOT.war
[INFO] 
[8mha:////4O6fMVeq+OgEe/hxb75TbYMJmYgL65QbQsbznKEv4i98AAAAYB+LCAAAAAAAAP9b85aBtbiIQSmjNKU4P0+vJLE4u1gvPjexLDVPzxdEGvvmZ+X75ZekLlOVfvTjc8FPJgaGiiIGKaiG5Py84vycVD1nCA1SyAABjCCFBQCV27OjYAAAAA==[0m[INFO] --- maven-resources-plugin:2.6:resources (default-resources) @ studentapp ---
[8mha:////4PMW9VZ+3kW8wLLiZ8+CZEmH8JRAyGXBQv/dvoMW/3CIAAAAYx+LCAAAAAAAAP9b85aBtbiIQSWjNKU4P0+vJLE4u1gvPjexLDVPzxdEhicW5WXmpfvll6S2fNly5fzGzauYGBgqihikoFqS8/OK83NS9ZwhNEghAwQwghQWAACwxA+XYgAAAA==[0m[WARNING] Using platform encoding (UTF-8 actually) to copy filtered resources, i.e. build is platform dependent!
[INFO] skip non existing resourceDirectory /var/lib/jenkins/workspace/nexus-deploy07012020/src/main/resources
[INFO] 
[8mha:////4O6fMVeq+OgEe/hxb75TbYMJmYgL65QbQsbznKEv4i98AAAAYB+LCAAAAAAAAP9b85aBtbiIQSmjNKU4P0+vJLE4u1gvPjexLDVPzxdEGvvmZ+X75ZekLlOVfvTjc8FPJgaGiiIGKaiG5Py84vycVD1nCA1SyAABjCCFBQCV27OjYAAAAA==[0m[INFO] --- maven-compiler-plugin:3.3:compile (default-compile) @ studentapp ---
[INFO] Nothing to compile - all classes are up to date
[INFO] 
[8mha:////4O6fMVeq+OgEe/hxb75TbYMJmYgL65QbQsbznKEv4i98AAAAYB+LCAAAAAAAAP9b85aBtbiIQSmjNKU4P0+vJLE4u1gvPjexLDVPzxdEGvvmZ+X75ZekLlOVfvTjc8FPJgaGiiIGKaiG5Py84vycVD1nCA1SyAABjCCFBQCV27OjYAAAAA==[0m[INFO] --- maven-resources-plugin:2.6:testResources (default-testResources) @ studentapp ---
[8mha:////4PMW9VZ+3kW8wLLiZ8+CZEmH8JRAyGXBQv/dvoMW/3CIAAAAYx+LCAAAAAAAAP9b85aBtbiIQSWjNKU4P0+vJLE4u1gvPjexLDVPzxdEhicW5WXmpfvll6S2fNly5fzGzauYGBgqihikoFqS8/OK83NS9ZwhNEghAwQwghQWAACwxA+XYgAAAA==[0m[WARNING] Using platform encoding (UTF-8 actually) to copy filtered resources, i.e. build is platform dependent!
[INFO] skip non existing resourceDirectory /var/lib/jenkins/workspace/nexus-deploy07012020/src/test/resources
[INFO] 
[8mha:////4O6fMVeq+OgEe/hxb75TbYMJmYgL65QbQsbznKEv4i98AAAAYB+LCAAAAAAAAP9b85aBtbiIQSmjNKU4P0+vJLE4u1gvPjexLDVPzxdEGvvmZ+X75ZekLlOVfvTjc8FPJgaGiiIGKaiG5Py84vycVD1nCA1SyAABjCCFBQCV27OjYAAAAA==[0m[INFO] --- maven-compiler-plugin:3.3:testCompile (default-testCompile) @ studentapp ---
[INFO] No sources to compile
[INFO] 
[8mha:////4O6fMVeq+OgEe/hxb75TbYMJmYgL65QbQsbznKEv4i98AAAAYB+LCAAAAAAAAP9b85aBtbiIQSmjNKU4P0+vJLE4u1gvPjexLDVPzxdEGvvmZ+X75ZekLlOVfvTjc8FPJgaGiiIGKaiG5Py84vycVD1nCA1SyAABjCCFBQCV27OjYAAAAA==[0m[INFO] --- maven-surefire-plugin:2.17:test (default-test) @ studentapp ---
[INFO] No tests to run.
[INFO] Skipping execution of surefire because it has already been run for this configuration
[INFO] 
[8mha:////4O6fMVeq+OgEe/hxb75TbYMJmYgL65QbQsbznKEv4i98AAAAYB+LCAAAAAAAAP9b85aBtbiIQSmjNKU4P0+vJLE4u1gvPjexLDVPzxdEGvvmZ+X75ZekLlOVfvTjc8FPJgaGiiIGKaiG5Py84vycVD1nCA1SyAABjCCFBQCV27OjYAAAAA==[0m[INFO] --- maven-war-plugin:2.6:war (default-war) @ studentapp ---
[INFO] Packaging webapp
[INFO] Assembling webapp [studentapp] in [/var/lib/jenkins/workspace/nexus-deploy07012020/target/studentapp-2.5-SNAPSHOT]
[INFO] Processing war project
[INFO] Copying webapp resources [/var/lib/jenkins/workspace/nexus-deploy07012020/WebContent]
[INFO] Webapp assembled in [7 msecs]
[INFO] Building war: /var/lib/jenkins/workspace/nexus-deploy07012020/target/studentapp-2.5-SNAPSHOT.war
[INFO] 
[8mha:////4O6fMVeq+OgEe/hxb75TbYMJmYgL65QbQsbznKEv4i98AAAAYB+LCAAAAAAAAP9b85aBtbiIQSmjNKU4P0+vJLE4u1gvPjexLDVPzxdEGvvmZ+X75ZekLlOVfvTjc8FPJgaGiiIGKaiG5Py84vycVD1nCA1SyAABjCCFBQCV27OjYAAAAA==[0m[INFO] --- maven-install-plugin:2.5.2:install (default-install) @ studentapp ---
[INFO] Installing /var/lib/jenkins/workspace/nexus-deploy07012020/target/studentapp-2.5-SNAPSHOT.war to /var/lib/jenkins/.m2/repository/com/jdevs/studentapp/2.5-SNAPSHOT/studentapp-2.5-SNAPSHOT.war
[INFO] Installing /var/lib/jenkins/workspace/nexus-deploy07012020/pom.xml to /var/lib/jenkins/.m2/repository/com/jdevs/studentapp/2.5-SNAPSHOT/studentapp-2.5-SNAPSHOT.pom
[INFO] 
[8mha:////4O6fMVeq+OgEe/hxb75TbYMJmYgL65QbQsbznKEv4i98AAAAYB+LCAAAAAAAAP9b85aBtbiIQSmjNKU4P0+vJLE4u1gvPjexLDVPzxdEGvvmZ+X75ZekLlOVfvTjc8FPJgaGiiIGKaiG5Py84vycVD1nCA1SyAABjCCFBQCV27OjYAAAAA==[0m[INFO] --- maven-deploy-plugin:2.7:deploy (default-deploy) @ studentapp ---
Downloading: http://3.0.98.90:8081/repository/flipkart-snap/com/jdevs/studentapp/2.5-SNAPSHOT/maven-metadata.xml
Uploading: http://3.0.98.90:8081/repository/flipkart-snap/com/jdevs/studentapp/2.5-SNAPSHOT/studentapp-2.5-20200107.170106-1.war
2/88 KB   4/88 KB   6/88 KB   8/88 KB   10/88 KB   12/88 KB   14/88 KB   16/88 KB   18/88 KB   20/88 KB   22/88 KB   24/88 KB   26/88 KB   28/88 KB   30/88 KB   32/88 KB   34/88 KB   36/88 KB   38/88 KB   40/88 KB   42/88 KB   44/88 KB   46/88 KB   48/88 KB   50/88 KB   52/88 KB   54/88 KB   56/88 KB   58/88 KB   60/88 KB   62/88 KB   64/88 KB   66/88 KB   68/88 KB   70/88 KB   72/88 KB   74/88 KB   76/88 KB   78/88 KB   80/88 KB   82/88 KB   84/88 KB   86/88 KB   88/88 KB              Uploading: http://3.0.98.90:8081/repository/flipkart-snap/com/jdevs/studentapp/2.5-SNAPSHOT/studentapp-2.5-20200107.170106-1.pom
2/2 KB     Jan 07, 2020 5:01:06 PM org.apache.maven.wagon.providers.http.httpclient.impl.execchain.RetryExec execute
INFO: I/O exception (java.net.SocketException) caught when processing request to {}->http://3.0.98.90:8081: Broken pipe (Write failed)
Jan 07, 2020 5:01:06 PM org.apache.maven.wagon.providers.http.httpclient.impl.execchain.RetryExec execute
INFO: Retrying request to {}->http://3.0.98.90:8081
4/2 KB            [INFO] ------------------------------------------------------------------------
[INFO] BUILD FAILURE
[INFO] ------------------------------------------------------------------------
[INFO] Total time: 2.624 s
[INFO] Finished at: 2020-01-07T17:01:06+00:00
[INFO] Final Memory: 25M/302M
[INFO] ------------------------------------------------------------------------
[8mha:////4DdMwdbYOUkl6v5Bz3SMlIK7+mRjP/dXzB3xReDDxAN7AAAAYB+LCAAAAAAAAP9b85aBtbiIQSmjNKU4P0+vJLE4u1gvPjexLDVPzxdEuhYV5Rf55ZekOlc7RKnPKH7IxMBQUcQgBdWQnJ9XnJ+TqucMoUEKGSCAEaSwAACsNFCqYAAAAA==[0m[ERROR] Failed to execute goal org.apache.maven.plugins:maven-deploy-plugin:2.7:deploy (default-deploy) on project studentapp: Failed to deploy artifacts: Could not transfer artifact com.jdevs:studentapp:war:2.5-20200107.170106-1 from/to deployment (http://3.0.98.90:8081/repository/flipkart-snap/): Failed to transfer file: http://3.0.98.90:8081/repository/flipkart-snap/com/jdevs/studentapp/2.5-SNAPSHOT/studentapp-2.5-20200107.170106-1.war. Return code is: 400, ReasonPhrase: Repository version policy: RELEASE does not allow version: 2.5-20200107.170106-1. -> [Help 1]
[8mha:////4DdMwdbYOUkl6v5Bz3SMlIK7+mRjP/dXzB3xReDDxAN7AAAAYB+LCAAAAAAAAP9b85aBtbiIQSmjNKU4P0+vJLE4u1gvPjexLDVPzxdEuhYV5Rf55ZekOlc7RKnPKH7IxMBQUcQgBdWQnJ9XnJ+TqucMoUEKGSCAEaSwAACsNFCqYAAAAA==[0m[ERROR] 
[8mha:////4DdMwdbYOUkl6v5Bz3SMlIK7+mRjP/dXzB3xReDDxAN7AAAAYB+LCAAAAAAAAP9b85aBtbiIQSmjNKU4P0+vJLE4u1gvPjexLDVPzxdEuhYV5Rf55ZekOlc7RKnPKH7IxMBQUcQgBdWQnJ9XnJ+TqucMoUEKGSCAEaSwAACsNFCqYAAAAA==[0m[ERROR] To see the full stack trace of the errors, re-run Maven with the -e switch.
[8mha:////4DdMwdbYOUkl6v5Bz3SMlIK7+mRjP/dXzB3xReDDxAN7AAAAYB+LCAAAAAAAAP9b85aBtbiIQSmjNKU4P0+vJLE4u1gvPjexLDVPzxdEuhYV5Rf55ZekOlc7RKnPKH7IxMBQUcQgBdWQnJ9XnJ+TqucMoUEKGSCAEaSwAACsNFCqYAAAAA==[0m[ERROR] Re-run Maven using the -X switch to enable full debug logging.
[8mha:////4DdMwdbYOUkl6v5Bz3SMlIK7+mRjP/dXzB3xReDDxAN7AAAAYB+LCAAAAAAAAP9b85aBtbiIQSmjNKU4P0+vJLE4u1gvPjexLDVPzxdEuhYV5Rf55ZekOlc7RKnPKH7IxMBQUcQgBdWQnJ9XnJ+TqucMoUEKGSCAEaSwAACsNFCqYAAAAA==[0m[ERROR] 
[8mha:////4DdMwdbYOUkl6v5Bz3SMlIK7+mRjP/dXzB3xReDDxAN7AAAAYB+LCAAAAAAAAP9b85aBtbiIQSmjNKU4P0+vJLE4u1gvPjexLDVPzxdEuhYV5Rf55ZekOlc7RKnPKH7IxMBQUcQgBdWQnJ9XnJ+TqucMoUEKGSCAEaSwAACsNFCqYAAAAA==[0m[ERROR] For more information about the errors and possible solutions, please read the following articles:
[8mha:////4DdMwdbYOUkl6v5Bz3SMlIK7+mRjP/dXzB3xReDDxAN7AAAAYB+LCAAAAAAAAP9b85aBtbiIQSmjNKU4P0+vJLE4u1gvPjexLDVPzxdEuhYV5Rf55ZekOlc7RKnPKH7IxMBQUcQgBdWQnJ9XnJ+TqucMoUEKGSCAEaSwAACsNFCqYAAAAA==[0m[ERROR] [Help 1] http://cwiki.apache.org/confluence/display/MAVEN/MojoExecutionException
Build step 'Invoke top-level Maven targets' marked build as failure
Finished: FAILURE
