Started by user [8mha:////4LE8PeyZIqlcxi2zIUx7UbujjNYcmHBWNCgHtW9F0SkGAAAAlx+LCAAAAAAAAP9b85aBtbiIQTGjNKU4P08vOT+vOD8nVc83PyU1x6OyILUoJzMv2y+/JJUBAhiZGBgqihhk0NSjKDWzXb3RdlLBUSYGJk8GtpzUvPSSDB8G5tKinBIGIZ+sxLJE/ZzEvHT94JKizLx0a6BxUmjGOUNodHsLgAzWEgZu/dLi1CL9xJTczDwAj6GcLcAAAAA=[0madmin
Running as SYSTEM
Building in workspace /var/lib/jenkins/workspace/War
No credentials specified
 > git rev-parse --is-inside-work-tree # timeout=10
Fetching changes from the remote Git repository
 > git config remote.origin.url https://github.com/ValaxyTech/hello-world.git # timeout=10
Fetching upstream changes from https://github.com/ValaxyTech/hello-world.git
 > git --version # timeout=10
 > git fetch --tags --progress https://github.com/ValaxyTech/hello-world.git +refs/heads/*:refs/remotes/origin/* # timeout=10
 > git rev-parse refs/remotes/origin/master^{commit} # timeout=10
 > git rev-parse refs/remotes/origin/origin/master^{commit} # timeout=10
Checking out Revision 4a076503060c74f995d6608a06ece9ff44e50963 (refs/remotes/origin/master)
 > git config core.sparsecheckout # timeout=10
 > git checkout -f 4a076503060c74f995d6608a06ece9ff44e50963 # timeout=10
Commit message: "Update index.jsp"
 > git rev-list --no-walk 4a076503060c74f995d6608a06ece9ff44e50963 # timeout=10
[War] $ /var/lib/jenkins/tools/hudson.tasks.Maven_MavenInstallation/3.6.3/bin/mvn clean package
[INFO] Scanning for projects...
[8mha:////4PMW9VZ+3kW8wLLiZ8+CZEmH8JRAyGXBQv/dvoMW/3CIAAAAYx+LCAAAAAAAAP9b85aBtbiIQSWjNKU4P0+vJLE4u1gvPjexLDVPzxdEhicW5WXmpfvll6S2fNly5fzGzauYGBgqihikoFqS8/OK83NS9ZwhNEghAwQwghQWAACwxA+XYgAAAA==[0m[WARNING] 
[8mha:////4PMW9VZ+3kW8wLLiZ8+CZEmH8JRAyGXBQv/dvoMW/3CIAAAAYx+LCAAAAAAAAP9b85aBtbiIQSWjNKU4P0+vJLE4u1gvPjexLDVPzxdEhicW5WXmpfvll6S2fNly5fzGzauYGBgqihikoFqS8/OK83NS9ZwhNEghAwQwghQWAACwxA+XYgAAAA==[0m[WARNING] Some problems were encountered while building the effective model for com.example.maven-project:server:jar:1.0-SNAPSHOT
[8mha:////4PMW9VZ+3kW8wLLiZ8+CZEmH8JRAyGXBQv/dvoMW/3CIAAAAYx+LCAAAAAAAAP9b85aBtbiIQSWjNKU4P0+vJLE4u1gvPjexLDVPzxdEhicW5WXmpfvll6S2fNly5fzGzauYGBgqihikoFqS8/OK83NS9ZwhNEghAwQwghQWAACwxA+XYgAAAA==[0m[WARNING] Reporting configuration should be done in <reporting> section, not in maven-site-plugin <configuration> as reportPlugins parameter.
[8mha:////4PMW9VZ+3kW8wLLiZ8+CZEmH8JRAyGXBQv/dvoMW/3CIAAAAYx+LCAAAAAAAAP9b85aBtbiIQSWjNKU4P0+vJLE4u1gvPjexLDVPzxdEhicW5WXmpfvll6S2fNly5fzGzauYGBgqihikoFqS8/OK83NS9ZwhNEghAwQwghQWAACwxA+XYgAAAA==[0m[WARNING] 
[8mha:////4PMW9VZ+3kW8wLLiZ8+CZEmH8JRAyGXBQv/dvoMW/3CIAAAAYx+LCAAAAAAAAP9b85aBtbiIQSWjNKU4P0+vJLE4u1gvPjexLDVPzxdEhicW5WXmpfvll6S2fNly5fzGzauYGBgqihikoFqS8/OK83NS9ZwhNEghAwQwghQWAACwxA+XYgAAAA==[0m[WARNING] Some problems were encountered while building the effective model for com.example.maven-project:webapp:war:1.0-SNAPSHOT
[8mha:////4PMW9VZ+3kW8wLLiZ8+CZEmH8JRAyGXBQv/dvoMW/3CIAAAAYx+LCAAAAAAAAP9b85aBtbiIQSWjNKU4P0+vJLE4u1gvPjexLDVPzxdEhicW5WXmpfvll6S2fNly5fzGzauYGBgqihikoFqS8/OK83NS9ZwhNEghAwQwghQWAACwxA+XYgAAAA==[0m[WARNING] Reporting configuration should be done in <reporting> section, not in maven-site-plugin <configuration> as reportPlugins parameter.
[8mha:////4PMW9VZ+3kW8wLLiZ8+CZEmH8JRAyGXBQv/dvoMW/3CIAAAAYx+LCAAAAAAAAP9b85aBtbiIQSWjNKU4P0+vJLE4u1gvPjexLDVPzxdEhicW5WXmpfvll6S2fNly5fzGzauYGBgqihikoFqS8/OK83NS9ZwhNEghAwQwghQWAACwxA+XYgAAAA==[0m[WARNING] 
[8mha:////4PMW9VZ+3kW8wLLiZ8+CZEmH8JRAyGXBQv/dvoMW/3CIAAAAYx+LCAAAAAAAAP9b85aBtbiIQSWjNKU4P0+vJLE4u1gvPjexLDVPzxdEhicW5WXmpfvll6S2fNly5fzGzauYGBgqihikoFqS8/OK83NS9ZwhNEghAwQwghQWAACwxA+XYgAAAA==[0m[WARNING] Some problems were encountered while building the effective model for com.example.maven-project:maven-project:pom:1.0-SNAPSHOT
[8mha:////4PMW9VZ+3kW8wLLiZ8+CZEmH8JRAyGXBQv/dvoMW/3CIAAAAYx+LCAAAAAAAAP9b85aBtbiIQSWjNKU4P0+vJLE4u1gvPjexLDVPzxdEhicW5WXmpfvll6S2fNly5fzGzauYGBgqihikoFqS8/OK83NS9ZwhNEghAwQwghQWAACwxA+XYgAAAA==[0m[WARNING] Reporting configuration should be done in <reporting> section, not in maven-site-plugin <configuration> as reportPlugins parameter. @ line 51, column 24
[8mha:////4PMW9VZ+3kW8wLLiZ8+CZEmH8JRAyGXBQv/dvoMW/3CIAAAAYx+LCAAAAAAAAP9b85aBtbiIQSWjNKU4P0+vJLE4u1gvPjexLDVPzxdEhicW5WXmpfvll6S2fNly5fzGzauYGBgqihikoFqS8/OK83NS9ZwhNEghAwQwghQWAACwxA+XYgAAAA==[0m[WARNING] 
[8mha:////4PMW9VZ+3kW8wLLiZ8+CZEmH8JRAyGXBQv/dvoMW/3CIAAAAYx+LCAAAAAAAAP9b85aBtbiIQSWjNKU4P0+vJLE4u1gvPjexLDVPzxdEhicW5WXmpfvll6S2fNly5fzGzauYGBgqihikoFqS8/OK83NS9ZwhNEghAwQwghQWAACwxA+XYgAAAA==[0m[WARNING] It is highly recommended to fix these problems because they threaten the stability of your build.
[8mha:////4PMW9VZ+3kW8wLLiZ8+CZEmH8JRAyGXBQv/dvoMW/3CIAAAAYx+LCAAAAAAAAP9b85aBtbiIQSWjNKU4P0+vJLE4u1gvPjexLDVPzxdEhicW5WXmpfvll6S2fNly5fzGzauYGBgqihikoFqS8/OK83NS9ZwhNEghAwQwghQWAACwxA+XYgAAAA==[0m[WARNING] 
[8mha:////4PMW9VZ+3kW8wLLiZ8+CZEmH8JRAyGXBQv/dvoMW/3CIAAAAYx+LCAAAAAAAAP9b85aBtbiIQSWjNKU4P0+vJLE4u1gvPjexLDVPzxdEhicW5WXmpfvll6S2fNly5fzGzauYGBgqihikoFqS8/OK83NS9ZwhNEghAwQwghQWAACwxA+XYgAAAA==[0m[WARNING] For this reason, future Maven versions might no longer support building such malformed projects.
[8mha:////4PMW9VZ+3kW8wLLiZ8+CZEmH8JRAyGXBQv/dvoMW/3CIAAAAYx+LCAAAAAAAAP9b85aBtbiIQSWjNKU4P0+vJLE4u1gvPjexLDVPzxdEhicW5WXmpfvll6S2fNly5fzGzauYGBgqihikoFqS8/OK83NS9ZwhNEghAwQwghQWAACwxA+XYgAAAA==[0m[WARNING] 
[8mha:////4PMW9VZ+3kW8wLLiZ8+CZEmH8JRAyGXBQv/dvoMW/3CIAAAAYx+LCAAAAAAAAP9b85aBtbiIQSWjNKU4P0+vJLE4u1gvPjexLDVPzxdEhicW5WXmpfvll6S2fNly5fzGzauYGBgqihikoFqS8/OK83NS9ZwhNEghAwQwghQWAACwxA+XYgAAAA==[0m[WARNING] The project com.example.maven-project:maven-project:pom:1.0-SNAPSHOT uses prerequisites which is only intended for maven-plugin projects but not for non maven-plugin projects. For such purposes you should use the maven-enforcer-plugin. See https://maven.apache.org/enforcer/enforcer-rules/requireMavenVersion.html
[INFO] ------------------------------------------------------------------------
[INFO] Reactor Build Order:
[INFO] 
[INFO] Maven Project                                                      [pom]
[INFO] Server                                                             [jar]
[INFO] Webapp                                                             [war]
[INFO] 
[INFO] --------------< com.example.maven-project:maven-project >---------------
[INFO] Building Maven Project 1.0-SNAPSHOT                                [1/3]
[INFO] --------------------------------[ pom ]---------------------------------
[INFO] 
[8mha:////4O6fMVeq+OgEe/hxb75TbYMJmYgL65QbQsbznKEv4i98AAAAYB+LCAAAAAAAAP9b85aBtbiIQSmjNKU4P0+vJLE4u1gvPjexLDVPzxdEGvvmZ+X75ZekLlOVfvTjc8FPJgaGiiIGKaiG5Py84vycVD1nCA1SyAABjCCFBQCV27OjYAAAAA==[0m[INFO] --- maven-clean-plugin:2.5:clean (default-clean) @ maven-project ---
[INFO] 
[INFO] ------------------< com.example.maven-project:server >------------------
[INFO] Building Server 1.0-SNAPSHOT                                       [2/3]
[INFO] --------------------------------[ jar ]---------------------------------
[INFO] 
[8mha:////4O6fMVeq+OgEe/hxb75TbYMJmYgL65QbQsbznKEv4i98AAAAYB+LCAAAAAAAAP9b85aBtbiIQSmjNKU4P0+vJLE4u1gvPjexLDVPzxdEGvvmZ+X75ZekLlOVfvTjc8FPJgaGiiIGKaiG5Py84vycVD1nCA1SyAABjCCFBQCV27OjYAAAAA==[0m[INFO] --- maven-clean-plugin:2.5:clean (default-clean) @ server ---
[INFO] Deleting /var/lib/jenkins/workspace/War/server/target
[INFO] 
[8mha:////4O6fMVeq+OgEe/hxb75TbYMJmYgL65QbQsbznKEv4i98AAAAYB+LCAAAAAAAAP9b85aBtbiIQSmjNKU4P0+vJLE4u1gvPjexLDVPzxdEGvvmZ+X75ZekLlOVfvTjc8FPJgaGiiIGKaiG5Py84vycVD1nCA1SyAABjCCFBQCV27OjYAAAAA==[0m[INFO] --- maven-resources-plugin:2.5:resources (default-resources) @ server ---
[debug] execute contextualize
[INFO] Using 'utf-8' encoding to copy filtered resources.
[INFO] skip non existing resourceDirectory /var/lib/jenkins/workspace/War/server/src/main/resources
[INFO] 
[8mha:////4O6fMVeq+OgEe/hxb75TbYMJmYgL65QbQsbznKEv4i98AAAAYB+LCAAAAAAAAP9b85aBtbiIQSmjNKU4P0+vJLE4u1gvPjexLDVPzxdEGvvmZ+X75ZekLlOVfvTjc8FPJgaGiiIGKaiG5Py84vycVD1nCA1SyAABjCCFBQCV27OjYAAAAA==[0m[INFO] --- maven-compiler-plugin:2.3.2:compile (default-compile) @ server ---
[INFO] Compiling 1 source file to /var/lib/jenkins/workspace/War/server/target/classes
[INFO] 
[8mha:////4O6fMVeq+OgEe/hxb75TbYMJmYgL65QbQsbznKEv4i98AAAAYB+LCAAAAAAAAP9b85aBtbiIQSmjNKU4P0+vJLE4u1gvPjexLDVPzxdEGvvmZ+X75ZekLlOVfvTjc8FPJgaGiiIGKaiG5Py84vycVD1nCA1SyAABjCCFBQCV27OjYAAAAA==[0m[INFO] --- maven-resources-plugin:2.5:testResources (default-testResources) @ server ---
[debug] execute contextualize
[INFO] Using 'utf-8' encoding to copy filtered resources.
[INFO] skip non existing resourceDirectory /var/lib/jenkins/workspace/War/server/src/test/resources
[INFO] 
[8mha:////4O6fMVeq+OgEe/hxb75TbYMJmYgL65QbQsbznKEv4i98AAAAYB+LCAAAAAAAAP9b85aBtbiIQSmjNKU4P0+vJLE4u1gvPjexLDVPzxdEGvvmZ+X75ZekLlOVfvTjc8FPJgaGiiIGKaiG5Py84vycVD1nCA1SyAABjCCFBQCV27OjYAAAAA==[0m[INFO] --- maven-compiler-plugin:2.3.2:testCompile (default-testCompile) @ server ---
[INFO] Compiling 1 source file to /var/lib/jenkins/workspace/War/server/target/test-classes
[INFO] 
[8mha:////4O6fMVeq+OgEe/hxb75TbYMJmYgL65QbQsbznKEv4i98AAAAYB+LCAAAAAAAAP9b85aBtbiIQSmjNKU4P0+vJLE4u1gvPjexLDVPzxdEGvvmZ+X75ZekLlOVfvTjc8FPJgaGiiIGKaiG5Py84vycVD1nCA1SyAABjCCFBQCV27OjYAAAAA==[0m[INFO] --- maven-surefire-plugin:2.11:test (default-test) @ server ---
[INFO] Surefire report directory: /var/lib/jenkins/workspace/War/server/target/surefire-reports

-------------------------------------------------------
 T E S T S
-------------------------------------------------------
Running com.example.TestGreeter
Tests run: 2, Failures: 0, Errors: 0, Skipped: 0, Time elapsed: 0.053 sec

Results :

Tests run: 2, Failures: 0, Errors: 0, Skipped: 0

[INFO] 
[8mha:////4O6fMVeq+OgEe/hxb75TbYMJmYgL65QbQsbznKEv4i98AAAAYB+LCAAAAAAAAP9b85aBtbiIQSmjNKU4P0+vJLE4u1gvPjexLDVPzxdEGvvmZ+X75ZekLlOVfvTjc8FPJgaGiiIGKaiG5Py84vycVD1nCA1SyAABjCCFBQCV27OjYAAAAA==[0m[INFO] --- maven-jar-plugin:2.4:jar (default-jar) @ server ---
[INFO] Building jar: /var/lib/jenkins/workspace/War/server/target/server.jar
[INFO] 
[INFO] ------------------< com.example.maven-project:webapp >------------------
[INFO] Building Webapp 1.0-SNAPSHOT                                       [3/3]
[INFO] --------------------------------[ war ]---------------------------------
[INFO] 
[8mha:////4O6fMVeq+OgEe/hxb75TbYMJmYgL65QbQsbznKEv4i98AAAAYB+LCAAAAAAAAP9b85aBtbiIQSmjNKU4P0+vJLE4u1gvPjexLDVPzxdEGvvmZ+X75ZekLlOVfvTjc8FPJgaGiiIGKaiG5Py84vycVD1nCA1SyAABjCCFBQCV27OjYAAAAA==[0m[INFO] --- maven-clean-plugin:2.5:clean (default-clean) @ webapp ---
[INFO] Deleting /var/lib/jenkins/workspace/War/webapp/target
[INFO] 
[8mha:////4O6fMVeq+OgEe/hxb75TbYMJmYgL65QbQsbznKEv4i98AAAAYB+LCAAAAAAAAP9b85aBtbiIQSmjNKU4P0+vJLE4u1gvPjexLDVPzxdEGvvmZ+X75ZekLlOVfvTjc8FPJgaGiiIGKaiG5Py84vycVD1nCA1SyAABjCCFBQCV27OjYAAAAA==[0m[INFO] --- maven-resources-plugin:2.5:resources (default-resources) @ webapp ---
[debug] execute contextualize
[INFO] Using 'utf-8' encoding to copy filtered resources.
[INFO] skip non existing resourceDirectory /var/lib/jenkins/workspace/War/webapp/src/main/resources
[INFO] 
[8mha:////4O6fMVeq+OgEe/hxb75TbYMJmYgL65QbQsbznKEv4i98AAAAYB+LCAAAAAAAAP9b85aBtbiIQSmjNKU4P0+vJLE4u1gvPjexLDVPzxdEGvvmZ+X75ZekLlOVfvTjc8FPJgaGiiIGKaiG5Py84vycVD1nCA1SyAABjCCFBQCV27OjYAAAAA==[0m[INFO] --- maven-compiler-plugin:2.3.2:compile (default-compile) @ webapp ---
[INFO] No sources to compile
[INFO] 
[8mha:////4O6fMVeq+OgEe/hxb75TbYMJmYgL65QbQsbznKEv4i98AAAAYB+LCAAAAAAAAP9b85aBtbiIQSmjNKU4P0+vJLE4u1gvPjexLDVPzxdEGvvmZ+X75ZekLlOVfvTjc8FPJgaGiiIGKaiG5Py84vycVD1nCA1SyAABjCCFBQCV27OjYAAAAA==[0m[INFO] --- maven-resources-plugin:2.5:testResources (default-testResources) @ webapp ---
[debug] execute contextualize
[INFO] Using 'utf-8' encoding to copy filtered resources.
[INFO] skip non existing resourceDirectory /var/lib/jenkins/workspace/War/webapp/src/test/resources
[INFO] 
[8mha:////4O6fMVeq+OgEe/hxb75TbYMJmYgL65QbQsbznKEv4i98AAAAYB+LCAAAAAAAAP9b85aBtbiIQSmjNKU4P0+vJLE4u1gvPjexLDVPzxdEGvvmZ+X75ZekLlOVfvTjc8FPJgaGiiIGKaiG5Py84vycVD1nCA1SyAABjCCFBQCV27OjYAAAAA==[0m[INFO] --- maven-compiler-plugin:2.3.2:testCompile (default-testCompile) @ webapp ---
[INFO] No sources to compile
[INFO] 
[8mha:////4O6fMVeq+OgEe/hxb75TbYMJmYgL65QbQsbznKEv4i98AAAAYB+LCAAAAAAAAP9b85aBtbiIQSmjNKU4P0+vJLE4u1gvPjexLDVPzxdEGvvmZ+X75ZekLlOVfvTjc8FPJgaGiiIGKaiG5Py84vycVD1nCA1SyAABjCCFBQCV27OjYAAAAA==[0m[INFO] --- maven-surefire-plugin:2.11:test (default-test) @ webapp ---
[INFO] No tests to run.
[INFO] Surefire report directory: /var/lib/jenkins/workspace/War/webapp/target/surefire-reports

-------------------------------------------------------
 T E S T S
-------------------------------------------------------

Results :

Tests run: 0, Failures: 0, Errors: 0, Skipped: 0

[INFO] 
[8mha:////4O6fMVeq+OgEe/hxb75TbYMJmYgL65QbQsbznKEv4i98AAAAYB+LCAAAAAAAAP9b85aBtbiIQSmjNKU4P0+vJLE4u1gvPjexLDVPzxdEGvvmZ+X75ZekLlOVfvTjc8FPJgaGiiIGKaiG5Py84vycVD1nCA1SyAABjCCFBQCV27OjYAAAAA==[0m[INFO] --- maven-war-plugin:2.2:war (default-war) @ webapp ---
[INFO] Packaging webapp
[INFO] Assembling webapp [webapp] in [/var/lib/jenkins/workspace/War/webapp/target/webapp]
[INFO] Processing war project
[INFO] Copying webapp resources [/var/lib/jenkins/workspace/War/webapp/src/main/webapp]
[INFO] Webapp assembled in [16 msecs]
[INFO] Building war: /var/lib/jenkins/workspace/War/webapp/target/webapp.war
[INFO] WEB-INF/web.xml already added, skipping
[INFO] ------------------------------------------------------------------------
[INFO] Reactor Summary for Maven Project 1.0-SNAPSHOT:
[INFO] 
[INFO] Maven Project ...................................... SUCCESS [  0.130 s]
[INFO] Server ............................................. SUCCESS [  1.851 s]
[INFO] Webapp ............................................. SUCCESS [  0.377 s]
[INFO] ------------------------------------------------------------------------
[INFO] BUILD SUCCESS
[INFO] ------------------------------------------------------------------------
[INFO] Total time:  2.472 s
[INFO] Finished at: 2019-12-27T19:35:50Z
[INFO] ------------------------------------------------------------------------
[SSH] script:

sudo rm -rf /opt/tomcat/webapps/webapps
sudo rm -rf /opt/tomcat/webapps/*.war

[SSH] executing...

[SSH] completed
[SSH] exit-status: 0

[DeployPublisher][INFO] Attempting to deploy 1 war file(s)
[DeployPublisher][INFO] Deploying /var/lib/jenkins/workspace/War/webapp/target/webapp.war to container Tomcat 7.x Remote with context webapps/
  [/var/lib/jenkins/workspace/War/webapp/target/webapp.war] is not deployed. Doing a fresh deployment.
  Deploying [/var/lib/jenkins/workspace/War/webapp/target/webapp.war]
ERROR: Build step failed with exception
org.codehaus.cargo.container.ContainerException: Failed to deploy [/var/lib/jenkins/workspace/War/webapp/target/webapp.war]
	at org.codehaus.cargo.container.tomcat.internal.AbstractTomcatManagerDeployer.deploy(AbstractTomcatManagerDeployer.java:104)
	at org.codehaus.cargo.container.tomcat.internal.AbstractTomcatManagerDeployer.redeploy(AbstractTomcatManagerDeployer.java:180)
	at hudson.plugins.deploy.CargoContainerAdapter.deploy(CargoContainerAdapter.java:81)
	at hudson.plugins.deploy.CargoContainerAdapter$DeployCallable.invoke(CargoContainerAdapter.java:167)
	at hudson.plugins.deploy.CargoContainerAdapter$DeployCallable.invoke(CargoContainerAdapter.java:136)
	at hudson.FilePath.act(FilePath.java:1075)
	at hudson.FilePath.act(FilePath.java:1058)
	at hudson.plugins.deploy.CargoContainerAdapter.redeployFile(CargoContainerAdapter.java:133)
	at hudson.plugins.deploy.PasswordProtectedAdapterCargo.redeployFile(PasswordProtectedAdapterCargo.java:95)
	at hudson.plugins.deploy.DeployPublisher.perform(DeployPublisher.java:113)
	at hudson.tasks.BuildStepCompatibilityLayer.perform(BuildStepCompatibilityLayer.java:78)
	at hudson.tasks.BuildStepMonitor$3.perform(BuildStepMonitor.java:45)
	at hudson.model.AbstractBuild$AbstractBuildExecution.perform(AbstractBuild.java:741)
	at hudson.model.AbstractBuild$AbstractBuildExecution.performAllBuildSteps(AbstractBuild.java:690)
	at hudson.model.Build$BuildExecution.post2(Build.java:186)
	at hudson.model.AbstractBuild$AbstractBuildExecution.post(AbstractBuild.java:635)
	at hudson.model.Run.execute(Run.java:1878)
	at hudson.model.FreeStyleBuild.run(FreeStyleBuild.java:43)
	at hudson.model.ResourceController.execute(ResourceController.java:97)
	at hudson.model.Executor.run(Executor.java:427)
Caused by: org.codehaus.cargo.container.tomcat.internal.TomcatManagerException: The Tomcat Manager responded "FAIL - Application already exists at path [/webapps/]
" instead of the expected "OK" message
	at org.codehaus.cargo.container.tomcat.internal.TomcatManager.invoke(TomcatManager.java:721)
	at org.codehaus.cargo.container.tomcat.internal.TomcatManager.deployImpl(TomcatManager.java:767)
	at org.codehaus.cargo.container.tomcat.internal.TomcatManager.deploy(TomcatManager.java:312)
	at org.codehaus.cargo.container.tomcat.internal.AbstractTomcatManagerDeployer.deploy(AbstractTomcatManagerDeployer.java:99)
	... 19 more
org.codehaus.cargo.container.tomcat.internal.TomcatManagerException: The Tomcat Manager responded "FAIL - Application already exists at path [/webapps/]
" instead of the expected "OK" message
	at org.codehaus.cargo.container.tomcat.internal.TomcatManager.invoke(TomcatManager.java:721)
	at org.codehaus.cargo.container.tomcat.internal.TomcatManager.deployImpl(TomcatManager.java:767)
	at org.codehaus.cargo.container.tomcat.internal.TomcatManager.deploy(TomcatManager.java:312)
	at org.codehaus.cargo.container.tomcat.internal.AbstractTomcatManagerDeployer.deploy(AbstractTomcatManagerDeployer.java:99)
	at org.codehaus.cargo.container.tomcat.internal.AbstractTomcatManagerDeployer.redeploy(AbstractTomcatManagerDeployer.java:180)
	at hudson.plugins.deploy.CargoContainerAdapter.deploy(CargoContainerAdapter.java:81)
	at hudson.plugins.deploy.CargoContainerAdapter$DeployCallable.invoke(CargoContainerAdapter.java:167)
	at hudson.plugins.deploy.CargoContainerAdapter$DeployCallable.invoke(CargoContainerAdapter.java:136)
	at hudson.FilePath.act(FilePath.java:1075)
	at hudson.FilePath.act(FilePath.java:1058)
	at hudson.plugins.deploy.CargoContainerAdapter.redeployFile(CargoContainerAdapter.java:133)
	at hudson.plugins.deploy.PasswordProtectedAdapterCargo.redeployFile(PasswordProtectedAdapterCargo.java:95)
	at hudson.plugins.deploy.DeployPublisher.perform(DeployPublisher.java:113)
	at hudson.tasks.BuildStepCompatibilityLayer.perform(BuildStepCompatibilityLayer.java:78)
	at hudson.tasks.BuildStepMonitor$3.perform(BuildStepMonitor.java:45)
	at hudson.model.AbstractBuild$AbstractBuildExecution.perform(AbstractBuild.java:741)
	at hudson.model.AbstractBuild$AbstractBuildExecution.performAllBuildSteps(AbstractBuild.java:690)
	at hudson.model.Build$BuildExecution.post2(Build.java:186)
	at hudson.model.AbstractBuild$AbstractBuildExecution.post(AbstractBuild.java:635)
	at hudson.model.Run.execute(Run.java:1878)
	at hudson.model.FreeStyleBuild.run(FreeStyleBuild.java:43)
	at hudson.model.ResourceController.execute(ResourceController.java:97)
	at hudson.model.Executor.run(Executor.java:427)
Build step 'Deploy war/ear to a container' marked build as failure
Finished: FAILURE
